[debug] [2021-11-22T12:29:51.064Z] ----------------------------------------------------------------------
[debug] [2021-11-22T12:29:51.069Z] Command:       /usr/local/bin/node /Users/nakajimahidenari/.npm-global/bin/firebase emulators:start
[debug] [2021-11-22T12:29:51.070Z] CLI Version:   9.16.0
[debug] [2021-11-22T12:29:51.070Z] Platform:      darwin
[debug] [2021-11-22T12:29:51.071Z] Node Version:  v14.16.1
[debug] [2021-11-22T12:29:51.087Z] Time:          Mon Nov 22 2021 21:29:51 GMT+0900 (日本標準時)
[debug] [2021-11-22T12:29:51.087Z] ----------------------------------------------------------------------
[debug] 
[debug] [2021-11-22T12:29:51.183Z] > command requires scopes: ["email","openid","https://www.googleapis.com/auth/cloudplatformprojects.readonly","https://www.googleapis.com/auth/firebase","https://www.googleapis.com/auth/cloud-platform"]
[debug] [2021-11-22T12:29:51.183Z] > authorizing via signed-in user (rudyrudy2103@gmail.com)
[info] i  emulators: Starting emulators: functions, database, hosting {"metadata":{"emulator":{"name":"hub"},"message":"Starting emulators: functions, database, hosting"}}
[debug] [2021-11-22T12:29:51.244Z] [hub] writing locator at /var/folders/p3/lt38_v_91yzg0vqx297l1c9w0000gn/T/hub-manage-stock-57c9a.json
[warn] ⚠  functions: The following emulators are not running, calls to these services from the Functions emulator will affect production: auth, firestore, pubsub, storage {"metadata":{"emulator":{"name":"functions"},"message":"The following emulators are not running, calls to these services from the Functions emulator will affect production: \u001b[1mauth, firestore, pubsub, storage\u001b[22m"}}
[info] ✔  functions: Using node@14 from host. {"metadata":{"emulator":{"name":"functions"},"message":"Using node@14 from host."}}
[debug] [2021-11-22T12:29:51.367Z] defaultcredentials: writing to file /Users/nakajimahidenari/.config/firebase/rudyrudy2103_gmail_com_application_default_credentials.json
[debug] [2021-11-22T12:29:51.371Z] Setting GAC to /Users/nakajimahidenari/.config/firebase/rudyrudy2103_gmail_com_application_default_credentials.json {"metadata":{"emulator":{"name":"functions"},"message":"Setting GAC to /Users/nakajimahidenari/.config/firebase/rudyrudy2103_gmail_com_application_default_credentials.json"}}
[debug] [2021-11-22T12:29:51.375Z] >>> [apiv2][query] GET https://firebase.googleapis.com/v1beta1/projects/manage-stock-57c9a/adminSdkConfig [none]
[debug] [2021-11-22T12:29:52.076Z] <<< [apiv2][status] GET https://firebase.googleapis.com/v1beta1/projects/manage-stock-57c9a/adminSdkConfig 200
[debug] [2021-11-22T12:29:52.076Z] <<< [apiv2][body] GET https://firebase.googleapis.com/v1beta1/projects/manage-stock-57c9a/adminSdkConfig {"projectId":"manage-stock-57c9a","databaseURL":"https://manage-stock-57c9a-default-rtdb.firebaseio.com","storageBucket":"manage-stock-57c9a.appspot.com"}
[debug] [2021-11-22T12:29:52.367Z] >>> [apiv2][query] GET https://firebase.googleapis.com/v1beta1/projects/manage-stock-57c9a [none]
[debug] [2021-11-22T12:29:52.784Z] <<< [apiv2][status] GET https://firebase.googleapis.com/v1beta1/projects/manage-stock-57c9a 200
[debug] [2021-11-22T12:29:52.784Z] <<< [apiv2][body] GET https://firebase.googleapis.com/v1beta1/projects/manage-stock-57c9a {"projectId":"manage-stock-57c9a","projectNumber":"670676808972","displayName":"manage-stock","name":"projects/manage-stock-57c9a","resources":{"hostingSite":"manage-stock-57c9a","realtimeDatabaseInstance":"manage-stock-57c9a-default-rtdb"},"state":"ACTIVE"}
[debug] [2021-11-22T12:29:52.784Z] database rules config:  [{"instance":"manage-stock-57c9a-default-rtdb","rules":"/Users/nakajimahidenari/Documents/app/manage-stock/database.rules.json"}]
[debug] [2021-11-22T12:29:52.791Z] Ignoring unsupported arg: projectId {"metadata":{"emulator":{"name":"database"},"message":"Ignoring unsupported arg: projectId"}}
[debug] [2021-11-22T12:29:52.791Z] Ignoring unsupported arg: auto_download {"metadata":{"emulator":{"name":"database"},"message":"Ignoring unsupported arg: auto_download"}}
[debug] [2021-11-22T12:29:52.792Z] Ignoring unsupported arg: rules {"metadata":{"emulator":{"name":"database"},"message":"Ignoring unsupported arg: rules"}}
[debug] [2021-11-22T12:29:52.792Z] Starting Database Emulator with command {"binary":"java","args":["-Duser.language=en","-jar","/Users/nakajimahidenari/.cache/firebase/emulators/firebase-database-emulator-v4.7.2.jar","--host","localhost","--port",9000,"--functions_emulator_host","localhost","--functions_emulator_port",5001],"optionalArgs":["port","host","functions_emulator_port","functions_emulator_host"],"joinArgs":false} {"metadata":{"emulator":{"name":"database"},"message":"Starting Database Emulator with command {\"binary\":\"java\",\"args\":[\"-Duser.language=en\",\"-jar\",\"/Users/nakajimahidenari/.cache/firebase/emulators/firebase-database-emulator-v4.7.2.jar\",\"--host\",\"localhost\",\"--port\",9000,\"--functions_emulator_host\",\"localhost\",\"--functions_emulator_port\",5001],\"optionalArgs\":[\"port\",\"host\",\"functions_emulator_port\",\"functions_emulator_host\"],\"joinArgs\":false}"}}
[info] i  database: Database Emulator logging to database-debug.log {"metadata":{"emulator":{"name":"database"},"message":"Database Emulator logging to \u001b[1mdatabase-debug.log\u001b[22m"}}
[debug] [2021-11-22T12:29:59.633Z] 21:29:59.630 [NamespaceSystem-akka.actor.default-dispatcher-4] INFO akka.event.slf4j.Slf4jLogger - Slf4jLogger started
 {"metadata":{"emulator":{"name":"database"},"message":"21:29:59.630 [NamespaceSystem-akka.actor.default-dispatcher-4] INFO akka.event.slf4j.Slf4jLogger - Slf4jLogger started\n"}}
[debug] [2021-11-22T12:30:00.589Z] 21:30:00.588 [main] INFO com.firebase.server.forge.App$ - Listening at localhost:9000
 {"metadata":{"emulator":{"name":"database"},"message":"21:30:00.588 [main] INFO com.firebase.server.forge.App$ - Listening at localhost:9000\n"}}
[debug] [2021-11-22T12:30:00.978Z] >>> [apiv2][query] GET https://firebasehosting.googleapis.com/v1beta1/projects/manage-stock-57c9a/sites 
[debug] [2021-11-22T12:30:02.099Z] <<< [apiv2][status] GET https://firebasehosting.googleapis.com/v1beta1/projects/manage-stock-57c9a/sites 200
[debug] [2021-11-22T12:30:02.100Z] <<< [apiv2][body] GET https://firebasehosting.googleapis.com/v1beta1/projects/manage-stock-57c9a/sites {"sites":[{"name":"projects/670676808972/sites/manage-stock-57c9a","defaultUrl":"https://manage-stock-57c9a.web.app","appId":"1:670676808972:web:c33938c756c246de090529","type":"DEFAULT_SITE"}]}
[debug] [2021-11-22T12:30:02.103Z] >>> [apiv2][query] GET https://firebase.googleapis.com/v1beta1/projects/manage-stock-57c9a/webApps/1:670676808972:web:c33938c756c246de090529/config [none]
[debug] [2021-11-22T12:30:03.539Z] <<< [apiv2][status] GET https://firebase.googleapis.com/v1beta1/projects/manage-stock-57c9a/webApps/1:670676808972:web:c33938c756c246de090529/config 200
[debug] [2021-11-22T12:30:03.539Z] <<< [apiv2][body] GET https://firebase.googleapis.com/v1beta1/projects/manage-stock-57c9a/webApps/1:670676808972:web:c33938c756c246de090529/config {"projectId":"manage-stock-57c9a","appId":"1:670676808972:web:c33938c756c246de090529","databaseURL":"https://manage-stock-57c9a-default-rtdb.firebaseio.com","storageBucket":"manage-stock-57c9a.appspot.com","apiKey":"AIzaSyBjvDJfnJNaOdc4YDDthlMp9dQq694Of50","authDomain":"manage-stock-57c9a.firebaseapp.com","messagingSenderId":"670676808972","measurementId":"G-7TQHFR5KRE"}
[info] i  hosting[manage-stock-57c9a]: Serving hosting files from: dist {"metadata":{"emulator":{"name":"hosting"},"message":"Serving hosting files from: \u001b[1mdist\u001b[22m"}}
[info] ✔  hosting[manage-stock-57c9a]: Local server: http://localhost:5000 {"metadata":{"emulator":{"name":"hosting"},"message":"Local server: \u001b[4m\u001b[1mhttp://localhost:5000\u001b[22m\u001b[24m"}}
[debug] [2021-11-22T12:30:04.148Z] Ignoring unsupported arg: auto_download {"metadata":{"emulator":{"name":"ui"},"message":"Ignoring unsupported arg: auto_download"}}
[debug] [2021-11-22T12:30:04.148Z] Ignoring unsupported arg: port {"metadata":{"emulator":{"name":"ui"},"message":"Ignoring unsupported arg: port"}}
[debug] [2021-11-22T12:30:04.148Z] Starting Emulator UI with command {"binary":"node","args":["/Users/nakajimahidenari/.cache/firebase/emulators/ui-v1.6.0/server.bundle.js"],"optionalArgs":[],"joinArgs":false} {"metadata":{"emulator":{"name":"ui"},"message":"Starting Emulator UI with command {\"binary\":\"node\",\"args\":[\"/Users/nakajimahidenari/.cache/firebase/emulators/ui-v1.6.0/server.bundle.js\"],\"optionalArgs\":[],\"joinArgs\":false}"}}
[info] i  ui: Emulator UI logging to ui-debug.log {"metadata":{"emulator":{"name":"ui"},"message":"Emulator UI logging to \u001b[1mui-debug.log\u001b[22m"}}
[debug] [2021-11-22T12:30:04.326Z] Web / API server started at localhost:4000
 {"metadata":{"emulator":{"name":"ui"},"message":"Web / API server started at localhost:4000\n"}}
[info] i  functions: Watching "/Users/nakajimahidenari/Documents/app/manage-stock/functions" for Cloud Functions... {"metadata":{"emulator":{"name":"functions"},"message":"Watching \"/Users/nakajimahidenari/Documents/app/manage-stock/functions\" for Cloud Functions..."}}
[debug] [2021-11-22T12:30:04.454Z] [worker-pool] addWorker(~diagnostic~) {"metadata":{"emulator":{"name":"functions"},"message":"[worker-pool] addWorker(~diagnostic~)"}}
[debug] [2021-11-22T12:30:04.454Z] [worker-pool] Adding worker with key ~diagnostic~, total=1 {"metadata":{"emulator":{"name":"functions"},"message":"[worker-pool] Adding worker with key ~diagnostic~, total=1"}}
[debug] [2021-11-22T12:30:04.454Z] [worker-pool] submitWork(triggerId=) {"metadata":{"emulator":{"name":"functions"},"message":"[worker-pool] submitWork(triggerId=)"}}
[debug] [2021-11-22T12:30:04.455Z] [worker-~diagnostic~-b597cfa9-2bbe-4e98-a1da-e7a53d698b7f]: Assigning socketPath: /var/folders/p3/lt38_v_91yzg0vqx297l1c9w0000gn/T/fire_emu_48764.sock {"metadata":{"emulator":{"name":"functions"},"message":"[worker-~diagnostic~-b597cfa9-2bbe-4e98-a1da-e7a53d698b7f]: Assigning socketPath: /var/folders/p3/lt38_v_91yzg0vqx297l1c9w0000gn/T/fire_emu_48764.sock"}}
[debug] [2021-11-22T12:30:04.455Z] [worker-~diagnostic~-b597cfa9-2bbe-4e98-a1da-e7a53d698b7f]: BUSY {"metadata":{"emulator":{"name":"functions"},"message":"[worker-~diagnostic~-b597cfa9-2bbe-4e98-a1da-e7a53d698b7f]: BUSY"}}
[debug] [2021-11-22T12:30:05.167Z] [runtime-status] [48764] Functions runtime initialized. {"cwd":"/Users/nakajimahidenari/Documents/app/manage-stock/functions","node_version":"14.16.1"} {"metadata":{"emulator":{"name":"functions"},"message":"[runtime-status] [48764] Functions runtime initialized. {\"cwd\":\"/Users/nakajimahidenari/Documents/app/manage-stock/functions\",\"node_version\":\"14.16.1\"}"}}
[debug] [2021-11-22T12:30:05.168Z] [runtime-status] [48764] Disabled runtime features: undefined {"metadata":{"emulator":{"name":"functions"},"message":"[runtime-status] [48764] Disabled runtime features: undefined"}}
[debug] [2021-11-22T12:30:05.182Z] [runtime-status] [48764] Resolved module firebase-admin {"declared":true,"installed":true,"version":"9.12.0","resolution":"/Users/nakajimahidenari/Documents/app/manage-stock/functions/node_modules/firebase-admin/lib/index.js"} {"metadata":{"emulator":{"name":"functions"},"message":"[runtime-status] [48764] Resolved module firebase-admin {\"declared\":true,\"installed\":true,\"version\":\"9.12.0\",\"resolution\":\"/Users/nakajimahidenari/Documents/app/manage-stock/functions/node_modules/firebase-admin/lib/index.js\"}"}}
[debug] [2021-11-22T12:30:05.191Z] [runtime-status] [48764] Resolved module firebase-functions {"declared":true,"installed":true,"version":"3.16.0","resolution":"/Users/nakajimahidenari/Documents/app/manage-stock/functions/node_modules/firebase-functions/lib/index.js"} {"metadata":{"emulator":{"name":"functions"},"message":"[runtime-status] [48764] Resolved module firebase-functions {\"declared\":true,\"installed\":true,\"version\":\"3.16.0\",\"resolution\":\"/Users/nakajimahidenari/Documents/app/manage-stock/functions/node_modules/firebase-functions/lib/index.js\"}"}}
[debug] [2021-11-22T12:30:05.196Z] [runtime-status] [48764] Resolved module firebase-functions {"declared":true,"installed":true,"version":"3.16.0","resolution":"/Users/nakajimahidenari/Documents/app/manage-stock/functions/node_modules/firebase-functions/lib/index.js"} {"metadata":{"emulator":{"name":"functions"},"message":"[runtime-status] [48764] Resolved module firebase-functions {\"declared\":true,\"installed\":true,\"version\":\"3.16.0\",\"resolution\":\"/Users/nakajimahidenari/Documents/app/manage-stock/functions/node_modules/firebase-functions/lib/index.js\"}"}}
[debug] [2021-11-22T12:30:05.204Z] [runtime-status] [48764] Outgoing network have been stubbed. [{"name":"http","status":"mocked"},{"name":"http","status":"mocked"},{"name":"https","status":"mocked"},{"name":"https","status":"mocked"},{"name":"net","status":"mocked"}] {"metadata":{"emulator":{"name":"functions"},"message":"[runtime-status] [48764] Outgoing network have been stubbed. [{\"name\":\"http\",\"status\":\"mocked\"},{\"name\":\"http\",\"status\":\"mocked\"},{\"name\":\"https\",\"status\":\"mocked\"},{\"name\":\"https\",\"status\":\"mocked\"},{\"name\":\"net\",\"status\":\"mocked\"}]"}}
[debug] [2021-11-22T12:30:05.205Z] [runtime-status] [48764] Resolved module firebase-functions {"declared":true,"installed":true,"version":"3.16.0","resolution":"/Users/nakajimahidenari/Documents/app/manage-stock/functions/node_modules/firebase-functions/lib/index.js"} {"metadata":{"emulator":{"name":"functions"},"message":"[runtime-status] [48764] Resolved module firebase-functions {\"declared\":true,\"installed\":true,\"version\":\"3.16.0\",\"resolution\":\"/Users/nakajimahidenari/Documents/app/manage-stock/functions/node_modules/firebase-functions/lib/index.js\"}"}}
[debug] [2021-11-22T12:30:05.421Z] [runtime-status] [48764] Checked functions.config() {"config":{}} {"metadata":{"emulator":{"name":"functions"},"message":"[runtime-status] [48764] Checked functions.config() {\"config\":{}}"}}
[debug] [2021-11-22T12:30:05.421Z] [runtime-status] [48764] firebase-functions has been stubbed. {"functionsResolution":{"declared":true,"installed":true,"version":"3.16.0","resolution":"/Users/nakajimahidenari/Documents/app/manage-stock/functions/node_modules/firebase-functions/lib/index.js"}} {"metadata":{"emulator":{"name":"functions"},"message":"[runtime-status] [48764] firebase-functions has been stubbed. {\"functionsResolution\":{\"declared\":true,\"installed\":true,\"version\":\"3.16.0\",\"resolution\":\"/Users/nakajimahidenari/Documents/app/manage-stock/functions/node_modules/firebase-functions/lib/index.js\"}}"}}
[debug] [2021-11-22T12:30:05.421Z] [runtime-status] [48764] Resolved module firebase-functions {"declared":true,"installed":true,"version":"3.16.0","resolution":"/Users/nakajimahidenari/Documents/app/manage-stock/functions/node_modules/firebase-functions/lib/index.js"} {"metadata":{"emulator":{"name":"functions"},"message":"[runtime-status] [48764] Resolved module firebase-functions {\"declared\":true,\"installed\":true,\"version\":\"3.16.0\",\"resolution\":\"/Users/nakajimahidenari/Documents/app/manage-stock/functions/node_modules/firebase-functions/lib/index.js\"}"}}
[debug] [2021-11-22T12:30:05.421Z] [runtime-status] [48764] Resolved module firebase-admin {"declared":true,"installed":true,"version":"9.12.0","resolution":"/Users/nakajimahidenari/Documents/app/manage-stock/functions/node_modules/firebase-admin/lib/index.js"} {"metadata":{"emulator":{"name":"functions"},"message":"[runtime-status] [48764] Resolved module firebase-admin {\"declared\":true,\"installed\":true,\"version\":\"9.12.0\",\"resolution\":\"/Users/nakajimahidenari/Documents/app/manage-stock/functions/node_modules/firebase-admin/lib/index.js\"}"}}
[debug] [2021-11-22T12:30:05.421Z] [runtime-status] [48764] Resolved module firebase-functions {"declared":true,"installed":true,"version":"3.16.0","resolution":"/Users/nakajimahidenari/Documents/app/manage-stock/functions/node_modules/firebase-functions/lib/index.js"} {"metadata":{"emulator":{"name":"functions"},"message":"[runtime-status] [48764] Resolved module firebase-functions {\"declared\":true,\"installed\":true,\"version\":\"3.16.0\",\"resolution\":\"/Users/nakajimahidenari/Documents/app/manage-stock/functions/node_modules/firebase-functions/lib/index.js\"}"}}
[debug] [2021-11-22T12:30:05.421Z] [runtime-status] [48764] firebase-admin has been stubbed. {"adminResolution":{"declared":true,"installed":true,"version":"9.12.0","resolution":"/Users/nakajimahidenari/Documents/app/manage-stock/functions/node_modules/firebase-admin/lib/index.js"}} {"metadata":{"emulator":{"name":"functions"},"message":"[runtime-status] [48764] firebase-admin has been stubbed. {\"adminResolution\":{\"declared\":true,\"installed\":true,\"version\":\"9.12.0\",\"resolution\":\"/Users/nakajimahidenari/Documents/app/manage-stock/functions/node_modules/firebase-admin/lib/index.js\"}}"}}
[debug] [2021-11-22T12:30:05.433Z] [worker-~diagnostic~-b597cfa9-2bbe-4e98-a1da-e7a53d698b7f]: IDLE {"metadata":{"emulator":{"name":"functions"},"message":"[worker-~diagnostic~-b597cfa9-2bbe-4e98-a1da-e7a53d698b7f]: IDLE"}}
[info] ✔  functions[us-central1-helloWorld]: http function initialized (http://localhost:5001/manage-stock-57c9a/us-central1/helloWorld). {"metadata":{"emulator":{"name":"functions"},"message":"\u001b[1mhttp\u001b[22m function initialized (http://localhost:5001/manage-stock-57c9a/us-central1/helloWorld)."}}
[debug] [2021-11-22T12:30:05.437Z] >>> HTTP REQUEST PUT http://localhost:9000/.settings/rules.json?ns=manage-stock-57c9a-default-rtdb  
 {
  "rules": {
    ".read": "now < 1640012400000",  // 2021-12-21
    ".write": "now < 1640012400000",  // 2021-12-21
  }
}
[debug] [2021-11-22T12:30:07.484Z] <<< HTTP RESPONSE 200 {"content-length":"15","content-type":"application/json; charset=utf-8","access-control-allow-origin":"*","cache-control":"no-cache","x-firebase-project-id":"manage-stock-57c9a-default-rtdb","x-firebase-project-number":"123456789","x-firebase-uuid":"d5b6872a-0399-4019-9180-81b9d5442e1b"}
[info] 
┌─────────────────────────────────────────────────────────────┐
│ ✔  All emulators ready! It is now safe to connect your app. │
│ i  View Emulator UI at http://localhost:4000                │
└─────────────────────────────────────────────────────────────┘

┌───────────┬────────────────┬─────────────────────────────────┐
│ Emulator  │ Host:Port      │ View in Emulator UI             │
├───────────┼────────────────┼─────────────────────────────────┤
│ Functions │ localhost:5001 │ http://localhost:4000/functions │
├───────────┼────────────────┼─────────────────────────────────┤
│ Database  │ localhost:9000 │ http://localhost:4000/database  │
├───────────┼────────────────┼─────────────────────────────────┤
│ Hosting   │ localhost:5000 │ n/a                             │
└───────────┴────────────────┴─────────────────────────────────┘
  Emulator Hub running at localhost:4400
  Other reserved ports: 4500

Issues? Report them at https://github.com/firebase/firebase-tools/issues and attach the *-debug.log files.
 
[info] i  hosting: 127.0.0.1 - - [22/Nov/2021:12:30:49 +0000] "GET / HTTP/1.1" 200 770 "-" "Mozilla/5.0 (Macintosh; Intel Mac OS X 10_14_6) AppleWebKit/537.36 (KHTML, like Gecko) Chrome/95.0.4638.69 Safari/537.36" {"metadata":{"emulator":{"name":"hosting"},"message":"127.0.0.1 - - [22/Nov/2021:12:30:49 +0000] \"GET / HTTP/1.1\" 200 770 \"-\" \"Mozilla/5.0 (Macintosh; Intel Mac OS X 10_14_6) AppleWebKit/537.36 (KHTML, like Gecko) Chrome/95.0.4638.69 Safari/537.36\""}}
[info] i  hosting: 127.0.0.1 - - [22/Nov/2021:12:30:50 +0000] "GET /js/app.7717fa15.js HTTP/1.1" 200 12963 "http://localhost:5000/" "Mozilla/5.0 (Macintosh; Intel Mac OS X 10_14_6) AppleWebKit/537.36 (KHTML, like Gecko) Chrome/95.0.4638.69 Safari/537.36" {"metadata":{"emulator":{"name":"hosting"},"message":"127.0.0.1 - - [22/Nov/2021:12:30:50 +0000] \"GET /js/app.7717fa15.js HTTP/1.1\" 200 12963 \"http://localhost:5000/\" \"Mozilla/5.0 (Macintosh; Intel Mac OS X 10_14_6) AppleWebKit/537.36 (KHTML, like Gecko) Chrome/95.0.4638.69 Safari/537.36\""}}
[info] i  hosting: 127.0.0.1 - - [22/Nov/2021:12:30:50 +0000] "GET /js/chunk-vendors.3ca186e5.js HTTP/1.1" 200 461998 "http://localhost:5000/" "Mozilla/5.0 (Macintosh; Intel Mac OS X 10_14_6) AppleWebKit/537.36 (KHTML, like Gecko) Chrome/95.0.4638.69 Safari/537.36" {"metadata":{"emulator":{"name":"hosting"},"message":"127.0.0.1 - - [22/Nov/2021:12:30:50 +0000] \"GET /js/chunk-vendors.3ca186e5.js HTTP/1.1\" 200 461998 \"http://localhost:5000/\" \"Mozilla/5.0 (Macintosh; Intel Mac OS X 10_14_6) AppleWebKit/537.36 (KHTML, like Gecko) Chrome/95.0.4638.69 Safari/537.36\""}}
[info] i  hosting: 127.0.0.1 - - [22/Nov/2021:12:30:50 +0000] "GET /css/app.0aa66c5b.css HTTP/1.1" 200 3215497 "http://localhost:5000/" "Mozilla/5.0 (Macintosh; Intel Mac OS X 10_14_6) AppleWebKit/537.36 (KHTML, like Gecko) Chrome/95.0.4638.69 Safari/537.36" {"metadata":{"emulator":{"name":"hosting"},"message":"127.0.0.1 - - [22/Nov/2021:12:30:50 +0000] \"GET /css/app.0aa66c5b.css HTTP/1.1\" 200 3215497 \"http://localhost:5000/\" \"Mozilla/5.0 (Macintosh; Intel Mac OS X 10_14_6) AppleWebKit/537.36 (KHTML, like Gecko) Chrome/95.0.4638.69 Safari/537.36\""}}
[info] i  hosting: 127.0.0.1 - - [22/Nov/2021:12:30:51 +0000] "GET /js/app.7717fa15.js.map HTTP/1.1" 200 34896 "-" "Mozilla/5.0 (Macintosh; Intel Mac OS X 10_14_6) AppleWebKit/537.36 (KHTML, like Gecko) Chrome/95.0.4638.69 Safari/537.36" {"metadata":{"emulator":{"name":"hosting"},"message":"127.0.0.1 - - [22/Nov/2021:12:30:51 +0000] \"GET /js/app.7717fa15.js.map HTTP/1.1\" 200 34896 \"-\" \"Mozilla/5.0 (Macintosh; Intel Mac OS X 10_14_6) AppleWebKit/537.36 (KHTML, like Gecko) Chrome/95.0.4638.69 Safari/537.36\""}}
[info] i  hosting: 127.0.0.1 - - [22/Nov/2021:12:30:51 +0000] "GET /js/chunk-vendors.3ca186e5.js.map HTTP/1.1" 200 2344558 "-" "Mozilla/5.0 (Macintosh; Intel Mac OS X 10_14_6) AppleWebKit/537.36 (KHTML, like Gecko) Chrome/95.0.4638.69 Safari/537.36" {"metadata":{"emulator":{"name":"hosting"},"message":"127.0.0.1 - - [22/Nov/2021:12:30:51 +0000] \"GET /js/chunk-vendors.3ca186e5.js.map HTTP/1.1\" 200 2344558 \"-\" \"Mozilla/5.0 (Macintosh; Intel Mac OS X 10_14_6) AppleWebKit/537.36 (KHTML, like Gecko) Chrome/95.0.4638.69 Safari/537.36\""}}
[debug] [2021-11-23T01:19:48.276Z] Received signal SIGHUP 1
[info]  
[info] i  emulators: Received SIGHUP for the first time. Starting a clean shutdown. 
[info] i  emulators: Please wait for a clean shutdown or send the SIGHUP signal again to stop right now. 
[debug] [2021-11-23T01:19:48.455Z] Error: write EIO
    at afterWriteDispatched (internal/stream_base_commons.js:156:25)
    at writeGeneric (internal/stream_base_commons.js:147:3)
    at WriteStream.Socket._writeGeneric (net.js:785:11)
    at WriteStream.Socket._write (net.js:797:8)
    at writeOrBuffer (internal/streams/writable.js:358:12)
    at WriteStream.Writable.write (internal/streams/writable.js:303:10)
    at Console.log (/Users/nakajimahidenari/.npm-global/lib/node_modules/firebase-tools/node_modules/winston/lib/winston/transports/console.js:79:23)
    at Console._write (/Users/nakajimahidenari/.npm-global/lib/node_modules/firebase-tools/node_modules/winston-transport/index.js:103:17)
    at doWrite (/Users/nakajimahidenari/.npm-global/lib/node_modules/firebase-tools/node_modules/winston-transport/node_modules/readable-stream/lib/_stream_writable.js:428:64)
    at writeOrBuffer (/Users/nakajimahidenari/.npm-global/lib/node_modules/firebase-tools/node_modules/winston-transport/node_modules/readable-stream/lib/_stream_writable.js:417:5)
    at Console.Writable.write (/Users/nakajimahidenari/.npm-global/lib/node_modules/firebase-tools/node_modules/winston-transport/node_modules/readable-stream/lib/_stream_writable.js:334:11)
    at DerivedLogger.ondata (/Users/nakajimahidenari/.npm-global/lib/node_modules/firebase-tools/node_modules/readable-stream/lib/_stream_readable.js:681:20)
    at DerivedLogger.emit (events.js:327:22)
    at DerivedLogger.EventEmitter.emit (domain.js:467:12)
    at addChunk (/Users/nakajimahidenari/.npm-global/lib/node_modules/firebase-tools/node_modules/readable-stream/lib/_stream_readable.js:298:12)
    at readableAddChunk (/Users/nakajimahidenari/.npm-global/lib/node_modules/firebase-tools/node_modules/readable-stream/lib/_stream_readable.js:280:11)
[error] 
[error] Error: An unexpected error has occurred.
[debug] [2021-11-23T01:19:48.482Z] [worker-~diagnostic~-b597cfa9-2bbe-4e98-a1da-e7a53d698b7f]: exited {"metadata":{"emulator":{"name":"functions"},"message":"[worker-~diagnostic~-b597cfa9-2bbe-4e98-a1da-e7a53d698b7f]: exited"}}
[debug] [2021-11-23T01:19:48.500Z] [worker-~diagnostic~-b597cfa9-2bbe-4e98-a1da-e7a53d698b7f]: FINISHED {"metadata":{"emulator":{"name":"functions"},"message":"[worker-~diagnostic~-b597cfa9-2bbe-4e98-a1da-e7a53d698b7f]: FINISHED"}}
[info] i  emulators: Shutting down emulators. {"metadata":{"emulator":{"name":"hub"},"message":"Shutting down emulators."}}
[info] i  ui: Stopping Emulator UI {"metadata":{"emulator":{"name":"ui"},"message":"Stopping Emulator UI"}}
[warn] ⚠  Emulator UI has exited upon receiving signal: SIGINT 
[info] i  functions: Stopping Functions Emulator {"metadata":{"emulator":{"name":"functions"},"message":"Stopping Functions Emulator"}}
[info] i  hosting: Stopping Hosting Emulator {"metadata":{"emulator":{"name":"hosting"},"message":"Stopping Hosting Emulator"}}
[info] i  database: Stopping Database Emulator {"metadata":{"emulator":{"name":"database"},"message":"Stopping Database Emulator"}}
